<?xml version="1.0" encoding="UTF-8"?>
<testsuite name="ErrorHandlingTest" tests="11" skipped="0" failures="0" errors="0" timestamp="2024-04-20T15:07:38" hostname="space" time="0.195">
  <properties/>
  <testcase name="testThrowIllegalArgumentExceptionWithDetailMessage()" classname="ErrorHandlingTest" time="0.102"/>
  <testcase name="testReturnOptionalInstance()" classname="ErrorHandlingTest" time="0.007"/>
  <testcase name="testThrowCustomUncheckedException()" classname="ErrorHandlingTest" time="0.006"/>
  <testcase name="testThrowCustomCheckedExceptionWithDetailMessage()" classname="ErrorHandlingTest" time="0.005"/>
  <testcase name="testThrowCustomUncheckedExceptionWithDetailMessage()" classname="ErrorHandlingTest" time="0.006"/>
  <testcase name="testThrowIllegalArgumentException()" classname="ErrorHandlingTest" time="0.005"/>
  <testcase name="testThrowAnyUncheckedException()" classname="ErrorHandlingTest" time="0.006"/>
  <testcase name="testThrowAnyCheckedExceptionWithDetailMessage()" classname="ErrorHandlingTest" time="0.005"/>
  <testcase name="testThrowAnyCheckedException()" classname="ErrorHandlingTest" time="0.005"/>
  <testcase name="testThrowAnyUncheckedExceptionWithDetailMessage()" classname="ErrorHandlingTest" time="0.005"/>
  <testcase name="testThrowCustomCheckedException()" classname="ErrorHandlingTest" time="0.006"/>
  <system-out><![CDATA[]]></system-out>
  <system-err><![CDATA[]]></system-err>
</testsuite>
