<?xml version="1.0" encoding="UTF-8"?>
<testsuite name="PrimeCalculatorTest" tests="5" skipped="0" failures="0" errors="0" timestamp="2024-04-19T18:06:38" hostname="space" time="0.166">
  <properties/>
  <testcase name="testUndefinedPrime()" classname="PrimeCalculatorTest" time="0.102"/>
  <testcase name="testSixthPrime()" classname="PrimeCalculatorTest" time="0.008"/>
  <testcase name="testFirstPrime()" classname="PrimeCalculatorTest" time="0.004"/>
  <testcase name="testSecondPrime()" classname="PrimeCalculatorTest" time="0.003"/>
  <testcase name="testBigPrime()" classname="PrimeCalculatorTest" time="0.032"/>
  <system-out><![CDATA[]]></system-out>
  <system-err><![CDATA[]]></system-err>
</testsuite>
